[biggercat.my.canva.site/index.html]
[backblue.gif]
[fade.gif]
[index.html]
[biggercat.my.canva.site/0d04a9c6e3b7b64d44ceb22012d0abf9.png]
[biggercat.my.canva.site/b306637fdca33cdf331a2f0c2fa836f6.png]
[biggercat.my.canva.site/606f79e1fe61a70e94b96409c6801b1d.png]
[biggercat.my.canva.site/fonts/f8f199f09526f79e87644ed227e0f651.woff2]
[biggercat.my.canva.site/fonts/98c4d2c0223fc8474641c77f923528e9.woff2]
[biggercat.my.canva.site/fonts/d257a7100844bc3f98c9021168b6249e.woff2]
[biggercat.my.canva.site/fonts/1060345c54d396e76d73f1da7ee200bd.woff2]
[biggercat.my.canva.site/'data_image/png;base64,']
[biggercat.my.canva.site/videos/0eeb585c4723d9bef367b9e7a5a26213.mp4]
[biggercat.my.canva.site/images/bf59fc1d6b9d7072b88d9abff9441cb4.svg]
[biggercat.my.canva.site/images/618099768f0c16f8dbe3a0aca24ea95f.svg]
[biggercat.my.canva.site/images/da7fef5572d73463267da0611c59ea5a.svg]
[biggercat.my.canva.site/images/a702f35a8276a92a5d2e77decae90dd9.png]
[biggercat.my.canva.site/images/02851502fa3209de6b5c81286482e06e.png]
[biggercat.my.canva.site/images/5334cd405de7537ed6233f15098823cf.svg]
[biggercat.my.canva.site/images/cededf61e2d2fd3918f26f12c7538636.svg]
[biggercat.my.canva.site/images/5a5204703cf0ccbe00601e7710adb1cc.svg]
[biggercat.my.canva.site/images/3d672fa48fd226f3e705ebb35a9fa156.svg]
[biggercat.my.canva.site/images/728c5d7b8e403d8e1d3ac2972a903e74.svg]
[biggercat.my.canva.site/images/1dc6d37a55077950c29f37ffbf8d4844.svg]
[biggercat.my.canva.site/images/9a8d6780783c881d345e54c654c54694.svg]
[biggercat.my.canva.site/images/1725959e2a01993ae9c3a170a85f907b.png]
[biggercat.my.canva.site/images/8bd81d55e7a2b6ad2a5cfe20ba9c2e8f.svg]
[biggercat.my.canva.site/images/ea806ae29096ca5282bb16d325f9f5bb.svg]
[biggercat.my.canva.site/images/7aedb8c83371feaeab9486622fd397ee.svg]
[biggercat.my.canva.site/js/a7bdac05b24347a77bc2ba39247eaaf9c12b11b8b5b7c8ffcd473c8cd1f4ef7d.js]
[biggercat.my.canva.site/index.html]
[biggercat.my.canva.site/'data_image/png;base64,'.html]
[biggercat.my.canva.site/images/bf59fc1d6b9d7072b88d9abff9441cb4.svg]
[biggercat.my.canva.site/images/618099768f0c16f8dbe3a0aca24ea95f.svg]
[biggercat.my.canva.site/images/da7fef5572d73463267da0611c59ea5a.svg]
[biggercat.my.canva.site/images/5334cd405de7537ed6233f15098823cf.svg]
[biggercat.my.canva.site/images/cededf61e2d2fd3918f26f12c7538636.svg]
[biggercat.my.canva.site/images/5a5204703cf0ccbe00601e7710adb1cc.svg]
[biggercat.my.canva.site/images/3d672fa48fd226f3e705ebb35a9fa156.svg]
[biggercat.my.canva.site/images/728c5d7b8e403d8e1d3ac2972a903e74.svg]
[biggercat.my.canva.site/images/1dc6d37a55077950c29f37ffbf8d4844.svg]
[biggercat.my.canva.site/images/9a8d6780783c881d345e54c654c54694.svg]
[biggercat.my.canva.site/images/8bd81d55e7a2b6ad2a5cfe20ba9c2e8f.svg]
[biggercat.my.canva.site/images/ea806ae29096ca5282bb16d325f9f5bb.svg]
[biggercat.my.canva.site/images/7aedb8c83371feaeab9486622fd397ee.svg]
[biggercat.my.canva.site/js/939898b427480d700449229ff00dbb8a6f9f77442b532f697866e6914ab8843a.js]
